<html>
<head>
<title>TestNG:  Default test</title>
<link href="../testng.css" rel="stylesheet" type="text/css" />
<link href="../my-testng.css" rel="stylesheet" type="text/css" />

<style type="text/css">
.log { display: none;} 
.stack-trace { display: none;} 
</style>
<script type="text/javascript">
<!--
function flip(e) {
  current = e.style.display;
  if (current == 'block') {
    e.style.display = 'none';
    return 0;
  }
  else {
    e.style.display = 'block';
    return 1;
  }
}

function toggleBox(szDivId, elem, msg1, msg2)
{
  var res = -1;  if (document.getElementById) {
    res = flip(document.getElementById(szDivId));
  }
  else if (document.all) {
    // this is the way old msie versions work
    res = flip(document.all[szDivId]);
  }
  if(elem) {
    if(res == 0) elem.innerHTML = msg1; else elem.innerHTML = msg2;
  }

}

function toggleAllBoxes() {
  if (document.getElementsByTagName) {
    d = document.getElementsByTagName('div');
    for (i = 0; i < d.length; i++) {
      if (d[i].className == 'log') {
        flip(d[i]);
      }
    }
  }
}

// -->
</script>

</head>
<body>
<h2 align='center'>Default test</h2><table border='1' align="center">
<tr>
<td>Tests passed/Failed/Skipped:</td><td>2/1/0</td>
</tr><tr>
<td>Started on:</td><td>Fri Nov 03 19:11:52 IST 2023</td>
</tr>
<tr><td>Total time:</td><td>307 seconds (307691 ms)</td>
</tr><tr>
<td>Included groups:</td><td></td>
</tr><tr>
<td>Excluded groups:</td><td></td>
</tr>
</table><p/>
<small><i>(Hover the method name to see the test class name)</i></small><p/>
<table width='100%' border='1' class='invocation-failed'>
<tr><td colspan='4' align='center'><b>FAILED TESTS</b></td></tr>
<tr><td><b>Test method</b></td>
<td><b>Attribute(s)</b></td>
<td width="30%"><b>Exception</b></td>
<td width="10%"><b>Time (seconds)</b></td>
<td><b>Instance</b></td>
</tr>
<tr>
<td title='TestRunner.TestNG_TestRunner.runScenario()'><b>runScenario</b><br>Test class: TestRunner.TestNG_TestRunner<br>Test method: Runs Cucumber Scenarios<br>Parameters: "Login with Valid Credentials", "Society Admin Login Functionality Verification"</td>
<td><div><pre>java.lang.AssertionError: Failed to send keys to element [By.xpath: //input[@placeholder=&apos;Password&apos;]]
	at org.testng.Assert.fail(Assert.java:111)
	at Utilities.SeleniumCommon.sendKeys(SeleniumCommon.java:79)
	at PageObjects.DashboardPage.societyAdminLogin(DashboardPage.java:79)
	at StepDefinitions.AdminLoginSteps.the_user_logs_in_with_valid_email_and_password(AdminLoginSteps.java:23)
	at ✽.the User logs in with Valid Email &quot;mamaearth@nobroker.com&quot; and Password &quot;nobroker1&quot;(file:///home/milind/Desktop/WebTestFolder/ProjectFirst/MGSoft/src/test/resources/Features/AdminLogin.feature:5)
</pre></div><a href='#' onClick='toggleBox("stack-trace1701378456", this, "Click to show all stack frames", "Click to hide stack frames")'>Click to show all stack frames</a>
<div class='stack-trace' id='stack-trace1701378456'><pre>java.lang.AssertionError: Failed to send keys to element [By.xpath: //input[@placeholder=&apos;Password&apos;]]
	at org.testng.Assert.fail(Assert.java:111)
	at Utilities.SeleniumCommon.sendKeys(SeleniumCommon.java:79)
	at PageObjects.DashboardPage.societyAdminLogin(DashboardPage.java:79)
	at StepDefinitions.AdminLoginSteps.the_user_logs_in_with_valid_email_and_password(AdminLoginSteps.java:23)
	at ✽.the User logs in with Valid Email &quot;mamaearth@nobroker.com&quot; and Password &quot;nobroker1&quot;(file:///home/milind/Desktop/WebTestFolder/ProjectFirst/MGSoft/src/test/resources/Features/AdminLogin.feature:5)
</pre></div></td>
<td>21</td>
<td>TestRunner.TestNG_TestRunner@7dfb0c0f</td></tr>
</table><p>
<table width='100%' border='1' class='invocation-passed'>
<tr><td colspan='4' align='center'><b>PASSED TESTS</b></td></tr>
<tr><td><b>Test method</b></td>
<td><b>Attribute(s)</b></td>
<td width="30%"><b>Exception</b></td>
<td width="10%"><b>Time (seconds)</b></td>
<td><b>Instance</b></td>
</tr>
<tr>
<td title='TestRunner.TestNG_TestRunner.runScenario()'><b>runScenario</b><br>Test class: TestRunner.TestNG_TestRunner<br>Test method: Runs Cucumber Scenarios<br>Parameters: "Validating the number of staff under the Manage Staff/Security option", "Number of Staff/Security Verification"</td>
<td></td>
<td>270</td>
<td>TestRunner.TestNG_TestRunner@7dfb0c0f</td></tr>
<tr>
<td title='TestRunner.TestNG_TestRunner.runScenario()'><b>runScenario</b><br>Test class: TestRunner.TestNG_TestRunner<br>Test method: Runs Cucumber Scenarios<br>Parameters: "Login with Invalid Credentials", "Society Admin Login Functionality Verification"</td>
<td></td>
<td>14</td>
<td>TestRunner.TestNG_TestRunner@7dfb0c0f</td></tr>
</table><p>
</body>
</html>