<?xml version="1.0" encoding="UTF-8"?>
<testng-results ignored="0" total="3" passed="2" failed="1" skipped="0">
  <reporter-output>
  </reporter-output>
  <suite started-at="2023-11-03T19:11:52 IST" name="Default suite" finished-at="2023-11-03T19:16:59 IST" duration-ms="307691">
    <groups>
      <group name="cucumber">
        <method signature="AbstractTestNGCucumberTests.runScenario(io.cucumber.testng.PickleWrapper,io.cucumber.testng.FeatureWrapper)[pri:0, instance:TestRunner.TestNG_TestRunner@7dfb0c0f]" name="runScenario" class="io.cucumber.testng.AbstractTestNGCucumberTests"/>
      </group> <!-- cucumber -->
    </groups>
    <test started-at="2023-11-03T19:11:52 IST" name="Default test" finished-at="2023-11-03T19:16:59 IST" duration-ms="307691">
      <class name="TestRunner.TestNG_TestRunner">
        <test-method is-config="true" signature="setUpClass(org.testng.ITestContext)[pri:0, instance:TestRunner.TestNG_TestRunner@7dfb0c0f]" started-at="2023-11-03T19:11:52 IST" name="setUpClass" finished-at="2023-11-03T19:11:52 IST" duration-ms="602" status="PASS">
          <params>
            <param index="0">
              <value>
                <![CDATA[org.testng.TestRunner@6c20dae4]]>
              </value>
            </param>
          </params>
          <reporter-output>
          </reporter-output>
        </test-method> <!-- setUpClass -->
        <test-method signature="runScenario(io.cucumber.testng.PickleWrapper,io.cucumber.testng.FeatureWrapper)[pri:0, instance:TestRunner.TestNG_TestRunner@7dfb0c0f]" started-at="2023-11-03T19:11:52 IST" name="runScenario" description="Runs Cucumber Scenarios" data-provider="scenarios" finished-at="2023-11-03T19:12:14 IST" duration-ms="21693" status="FAIL">
          <params>
            <param index="0">
              <value>
                <![CDATA["Login with Valid Credentials"]]>
              </value>
            </param>
            <param index="1">
              <value>
                <![CDATA["Society Admin Login Functionality Verification"]]>
              </value>
            </param>
          </params>
          <exception class="java.lang.AssertionError">
            <message>
              <![CDATA[Failed to send keys to element [By.xpath: //input[@placeholder='Password']]]]>
            </message>
            <full-stacktrace>
              <![CDATA[java.lang.AssertionError: Failed to send keys to element [By.xpath: //input[@placeholder='Password']]
at org.testng.Assert.fail(Assert.java:111)
at Utilities.SeleniumCommon.sendKeys(SeleniumCommon.java:79)
at PageObjects.DashboardPage.societyAdminLogin(DashboardPage.java:79)
at StepDefinitions.AdminLoginSteps.the_user_logs_in_with_valid_email_and_password(AdminLoginSteps.java:23)
at âœ½.the User logs in with Valid Email "mamaearth@nobroker.com" and Password "nobroker1"(file:///home/milind/Desktop/WebTestFolder/ProjectFirst/MGSoft/src/test/resources/Features/AdminLogin.feature:5)
]]>
            </full-stacktrace>
          </exception> <!-- java.lang.AssertionError -->
          <reporter-output>
          </reporter-output>
        </test-method> <!-- runScenario -->
        <test-method signature="runScenario(io.cucumber.testng.PickleWrapper,io.cucumber.testng.FeatureWrapper)[pri:0, instance:TestRunner.TestNG_TestRunner@7dfb0c0f]" started-at="2023-11-03T19:12:14 IST" name="runScenario" description="Runs Cucumber Scenarios" data-provider="scenarios" finished-at="2023-11-03T19:12:29 IST" duration-ms="14714" status="PASS">
          <params>
            <param index="0">
              <value>
                <![CDATA["Login with Invalid Credentials"]]>
              </value>
            </param>
            <param index="1">
              <value>
                <![CDATA["Society Admin Login Functionality Verification"]]>
              </value>
            </param>
          </params>
          <reporter-output>
          </reporter-output>
        </test-method> <!-- runScenario -->
        <test-method signature="runScenario(io.cucumber.testng.PickleWrapper,io.cucumber.testng.FeatureWrapper)[pri:0, instance:TestRunner.TestNG_TestRunner@7dfb0c0f]" started-at="2023-11-03T19:12:29 IST" name="runScenario" description="Runs Cucumber Scenarios" data-provider="scenarios" finished-at="2023-11-03T19:16:59 IST" duration-ms="270419" status="PASS">
          <params>
            <param index="0">
              <value>
                <![CDATA["Validating the number of staff under the Manage Staff/Security option"]]>
              </value>
            </param>
            <param index="1">
              <value>
                <![CDATA["Number of Staff/Security Verification"]]>
              </value>
            </param>
          </params>
          <reporter-output>
          </reporter-output>
        </test-method> <!-- runScenario -->
        <test-method is-config="true" signature="tearDownClass()[pri:0, instance:TestRunner.TestNG_TestRunner@7dfb0c0f]" started-at="2023-11-03T19:16:59 IST" name="tearDownClass" finished-at="2023-11-03T19:16:59 IST" duration-ms="227" status="PASS">
          <reporter-output>
          </reporter-output>
        </test-method> <!-- tearDownClass -->
      </class> <!-- TestRunner.TestNG_TestRunner -->
    </test> <!-- Default test -->
  </suite> <!-- Default suite -->
</testng-results>
